13/05/2023 13:47:15	This log contains information about the import schema operation into project 'HotelDB' on computer 'DESKTOP-0EJLBTM' by user 'nbrun'.
13/05/2023 13:47:16	Import of database schema has started.
13/05/2023 13:47:23	Gathering database credentials
13/05/2023 13:47:23	Gathering database options
13/05/2023 13:47:23	Gathering generic database scoped configuration option
13/05/2023 13:47:23	Gathering users
13/05/2023 13:47:23	Gathering roles
13/05/2023 13:47:23	Gathering application roles
13/05/2023 13:47:23	Gathering role memberships
13/05/2023 13:47:23	Gathering filegroups
13/05/2023 13:47:23	Gathering full-text catalogs
13/05/2023 13:47:23	Gathering assemblies
13/05/2023 13:47:23	Gathering certificates
13/05/2023 13:47:23	Gathering asymmetric keys
13/05/2023 13:47:23	Gathering symmetric keys
13/05/2023 13:47:23	Gathering encrypted symmetric keys
13/05/2023 13:47:23	Gathering schemas
13/05/2023 13:47:23	Gathering XML schema collections
13/05/2023 13:47:23	Gathering user-defined data types
13/05/2023 13:47:23	Gathering user-defined types
13/05/2023 13:47:23	Gathering table types
13/05/2023 13:47:23	Gathering unique keys for table types
13/05/2023 13:47:23	Gathering primary keys for table types
13/05/2023 13:47:23	Gathering indexes for table types
13/05/2023 13:47:48	Gathering check constraints for table types
13/05/2023 13:47:48	Gathering default constraints for table types
13/05/2023 13:47:48	Gathering partition functions
13/05/2023 13:47:48	Gathering partition schemes
13/05/2023 13:47:48	Gathering functions
13/05/2023 13:47:48	Gathering encrypted functions
13/05/2023 13:47:48	Gathering aggregates
13/05/2023 13:47:48	Gathering procedures
13/05/2023 13:48:13	Gathering encrypted procedures
13/05/2023 13:48:13	Gathering tables
13/05/2023 13:49:04	Gathering primary keys
13/05/2023 13:49:04	Gathering unique constraints
13/05/2023 13:49:04	Gathering foreign keys
13/05/2023 13:49:29	Gathering default constraints
13/05/2023 13:49:29	Gathering check constraints
13/05/2023 13:49:29	Gathering views
13/05/2023 13:49:29	Gathering encrypted views
13/05/2023 13:49:29	Gathering indexes
13/05/2023 13:49:29	Gathering statistics
13/05/2023 13:49:29	Gathering full-text index stoplists
13/05/2023 13:49:29	Gathering search property lists
13/05/2023 13:49:29	Gathering search properties
13/05/2023 13:49:29	Gathering full-text indexes
13/05/2023 13:49:29	Gathering column store indexes
13/05/2023 13:49:29	Gathering spatial indexes
13/05/2023 13:49:29	Gathering XML indexes
13/05/2023 13:49:29	Gathering Selective XML indexes
13/05/2023 13:49:56	Gathering encrypted triggers
13/05/2023 13:49:56	Gathering triggers
13/05/2023 13:49:56	Gathering encrypted and clr ddl triggers
13/05/2023 13:49:56	Gathering ddl triggers
13/05/2023 13:49:56	Creating edge constraints
13/05/2023 13:49:56	Gathering synonyms
13/05/2023 13:49:56	Gathering defaults
13/05/2023 13:49:56	Gathering data constraint uddt bindings
13/05/2023 13:49:56	Gathering rules
13/05/2023 13:49:56	Gathering data constraint uddt bindings
13/05/2023 13:49:56	Gathering message types
13/05/2023 13:49:56	Gathering queues
13/05/2023 13:49:56	Gathering contracts
13/05/2023 13:49:56	Gathering services
13/05/2023 13:49:56	Gathering event notifications
13/05/2023 13:49:56	Gathering remote service bindings
13/05/2023 13:49:56	Gathering broker priorities
13/05/2023 13:49:56	Gathering signatures
13/05/2023 13:49:56	Gathering compression options
13/05/2023 13:49:56	Gathering sequence types
13/05/2023 13:49:56	Gathering security policies
13/05/2023 13:49:56	Gather column encryption keys
13/05/2023 13:49:56	Gathering column master keys
13/05/2023 13:49:56	Gathering external data sources
13/05/2023 13:49:56	Gathering external file formats
13/05/2023 13:49:56	Gathering external tables
13/05/2023 13:49:56	Gathering extended properties
13/05/2023 13:49:56	Gathering assemblies
13/05/2023 13:49:56	Gathering credentials
13/05/2023 13:49:56	Gathering logins
13/05/2023 13:49:56	Gathering server audits
13/05/2023 13:49:56	Scanning project for duplicate elements
13/05/2023 13:49:57	Finished duplicate element processing
13/05/2023 13:49:59	Finished importing database.
13/05/2023 13:49:59	A summary of the import was saved to the following location: C:\Users\nbrun\Desktop\WebPortalok\HAZI\HotelManagement\HotelDB\Import Schema Logs\HotelDB_20230513114715.log
13/05/2023 13:49:59	Click Finish to continue...
